<?xml version="1.0" encoding="utf-8"?><testsuites name="pytest tests"><testsuite name="pytest" errors="0" failures="0" skipped="0" tests="81" time="16.752" timestamp="2025-06-19T15:31:34.569617+08:00" hostname="Maverick"><testcase classname="tests.test_basic_functionality" name="test_create_mcp_server" time="0.026" /><testcase classname="tests.test_basic_functionality" name="test_default_values" time="0.020" /><testcase classname="tests.test_basic_functionality" name="test_normalize_paths" time="0.034" /><testcase classname="tests.test_configuration" name="test_default_configuration" time="0.018" /><testcase classname="tests.test_configuration" name="test_custom_configuration" time="0.020" /><testcase classname="tests.test_configuration" name="test_describe_all_responses_config_simple_app" time="0.031" /><testcase classname="tests.test_configuration" name="test_describe_full_response_schema_config_simple_app" time="0.019" /><testcase classname="tests.test_configuration" name="test_describe_all_responses_and_full_response_schema_config_simple_app" time="0.054" /><testcase classname="tests.test_configuration" name="test_describe_all_responses_config_complex_app" time="0.101" /><testcase classname="tests.test_configuration" name="test_describe_full_response_schema_config_complex_app" time="0.055" /><testcase classname="tests.test_configuration" name="test_describe_all_responses_and_full_response_schema_config_complex_app" time="0.056" /><testcase classname="tests.test_configuration" name="test_filtering_functionality" time="0.036" /><testcase classname="tests.test_configuration" name="test_filtering_edge_cases" time="0.044" /><testcase classname="tests.test_configuration" name="test_filtering_with_missing_operation_ids" time="0.009" /><testcase classname="tests.test_configuration" name="test_filter_with_empty_tools" time="0.007" /><testcase classname="tests.test_configuration" name="test_filtering_with_empty_tags_array" time="0.007" /><testcase classname="tests.test_mcp_complex_app" name="test_list_tools" time="0.074" /><testcase classname="tests.test_mcp_complex_app" name="test_call_tool_list_products_default" time="0.065" /><testcase classname="tests.test_mcp_complex_app" name="test_call_tool_list_products_with_filters" time="0.062" /><testcase classname="tests.test_mcp_complex_app" name="test_call_tool_get_product" time="0.062" /><testcase classname="tests.test_mcp_complex_app" name="test_call_tool_get_product_with_options" time="0.063" /><testcase classname="tests.test_mcp_complex_app" name="test_call_tool_create_order" time="0.065" /><testcase classname="tests.test_mcp_complex_app" name="test_call_tool_create_order_validation_error" time="0.062" /><testcase classname="tests.test_mcp_complex_app" name="test_call_tool_get_customer" time="0.063" /><testcase classname="tests.test_mcp_complex_app" name="test_call_tool_get_customer_with_options" time="0.061" /><testcase classname="tests.test_mcp_complex_app" name="test_error_handling_missing_parameter" time="0.062" /><testcase classname="tests.test_mcp_execute_api_tool" name="test_execute_api_tool_success" time="0.022" /><testcase classname="tests.test_mcp_execute_api_tool" name="test_execute_api_tool_with_query_params" time="0.021" /><testcase classname="tests.test_mcp_execute_api_tool" name="test_execute_api_tool_with_body" time="0.021" /><testcase classname="tests.test_mcp_execute_api_tool" name="test_execute_api_tool_with_non_ascii_chars" time="0.021" /><testcase classname="tests.test_mcp_simple_app" name="test_list_tools" time="0.024" /><testcase classname="tests.test_mcp_simple_app" name="test_call_tool_get_item_1" time="0.027" /><testcase classname="tests.test_mcp_simple_app" name="test_call_tool_get_item_2" time="0.025" /><testcase classname="tests.test_mcp_simple_app" name="test_call_tool_raise_error" time="0.026" /><testcase classname="tests.test_mcp_simple_app" name="test_error_handling" time="0.027" /><testcase classname="tests.test_mcp_simple_app" name="test_complex_tool_arguments" time="0.027" /><testcase classname="tests.test_mcp_simple_app" name="test_call_tool_list_items_default" time="0.025" /><testcase classname="tests.test_mcp_simple_app" name="test_call_tool_list_items_with_pagination" time="0.026" /><testcase classname="tests.test_mcp_simple_app" name="test_call_tool_get_item_not_found" time="0.026" /><testcase classname="tests.test_mcp_simple_app" name="test_call_tool_update_item" time="0.026" /><testcase classname="tests.test_mcp_simple_app" name="test_call_tool_delete_item" time="0.025" /><testcase classname="tests.test_mcp_simple_app" name="test_call_tool_get_item_with_details" time="0.025" /><testcase classname="tests.test_mcp_simple_app" name="test_headers_passthrough_to_tool_handler" time="0.021" /><testcase classname="tests.test_openapi_conversion" name="test_simple_app_conversion" time="0.018" /><testcase classname="tests.test_openapi_conversion" name="test_complex_app_conversion" time="0.052" /><testcase classname="tests.test_openapi_conversion" name="test_describe_full_response_schema" time="0.017" /><testcase classname="tests.test_openapi_conversion" name="test_describe_all_responses" time="0.054" /><testcase classname="tests.test_openapi_conversion" name="test_schema_utils" time="0.001" /><testcase classname="tests.test_openapi_conversion" name="test_parameter_handling" time="0.053" /><testcase classname="tests.test_openapi_conversion" name="test_request_body_handling" time="0.051" /><testcase classname="tests.test_openapi_conversion" name="test_missing_type_handling" time="0.053" /><testcase classname="tests.test_openapi_conversion" name="test_body_params_descriptions_and_defaults" time="0.053" /><testcase classname="tests.test_openapi_conversion" name="test_body_params_edge_cases" time="0.084" /><testcase classname="tests.test_sse_mock_transport" name="test_handle_post_message_missing_session_id[asyncio]" time="0.004" /><testcase classname="tests.test_sse_mock_transport" name="test_handle_post_message_invalid_session_id[asyncio]" time="0.004" /><testcase classname="tests.test_sse_mock_transport" name="test_handle_post_message_session_not_found[asyncio]" time="0.004" /><testcase classname="tests.test_sse_mock_transport" name="test_handle_post_message_validation_error[asyncio]" time="0.008" /><testcase classname="tests.test_sse_mock_transport" name="test_handle_post_message_general_exception[asyncio]" time="0.006" /><testcase classname="tests.test_sse_mock_transport" name="test_send_message_safely_with_validation_error[asyncio]" time="0.005" /><testcase classname="tests.test_sse_mock_transport" name="test_send_message_safely_with_jsonrpc_message[asyncio]" time="0.005" /><testcase classname="tests.test_sse_mock_transport" name="test_send_message_safely_exception_handling[asyncio]" time="0.004" /><testcase classname="tests.test_sse_mock_transport" name="test_handle_post_message_missing_session_id[trio]" time="0.004" /><testcase classname="tests.test_sse_mock_transport" name="test_handle_post_message_invalid_session_id[trio]" time="0.004" /><testcase classname="tests.test_sse_mock_transport" name="test_handle_post_message_session_not_found[trio]" time="0.004" /><testcase classname="tests.test_sse_mock_transport" name="test_handle_post_message_validation_error[trio]" time="0.007" /><testcase classname="tests.test_sse_mock_transport" name="test_handle_post_message_general_exception[trio]" time="0.006" /><testcase classname="tests.test_sse_mock_transport" name="test_send_message_safely_with_validation_error[trio]" time="0.005" /><testcase classname="tests.test_sse_mock_transport" name="test_send_message_safely_with_jsonrpc_message[trio]" time="0.004" /><testcase classname="tests.test_sse_mock_transport" name="test_send_message_safely_exception_handling[trio]" time="0.004" /><testcase classname="tests.test_sse_real_transport" name="test_raw_sse_connection[asyncio]" time="2.287" /><testcase classname="tests.test_sse_real_transport" name="test_sse_basic_connection[asyncio]" time="2.272" /><testcase classname="tests.test_sse_real_transport" name="test_sse_tool_call[asyncio]" time="2.269" /><testcase classname="tests.test_sse_real_transport" name="test_raw_sse_connection[trio]" time="2.246" /><testcase classname="tests.test_sse_real_transport" name="test_sse_basic_connection[trio]" time="2.284" /><testcase classname="tests.test_sse_real_transport" name="test_sse_tool_call[trio]" time="2.282" /><testcase classname="tests.test_types_validation.TestOAuthMetadata" name="test_non_empty_lists_validation" time="0.006" /><testcase classname="tests.test_types_validation.TestOAuthMetadata" name="test_authorization_endpoint_required_for_authorization_code" time="0.001" /><testcase classname="tests.test_types_validation.TestOAuthMetadata" name="test_model_dump_excludes_none" time="0.001" /><testcase classname="tests.test_types_validation.TestAuthConfig" name="test_required_fields_validation" time="0.002" /><testcase classname="tests.test_types_validation.TestAuthConfig" name="test_client_id_required_for_setup_proxies" time="0.002" /><testcase classname="tests.test_types_validation.TestAuthConfig" name="test_client_secret_required_for_fake_registration" time="0.003" /></testsuite></testsuites>